2025-04-20 23:11:29 [INFO] Question: 哪个城市人口最多？
2025-04-20 23:11:29 [INFO] Running PandaAI with bamboo_llm LLM...
2025-04-20 23:11:29 [INFO] Prompt ID: 612787a8-f837-4fa1-9d1d-e681d8db004f
2025-04-20 23:11:29 [INFO] Generating new code...
2025-04-20 23:11:29 [INFO] Using Prompt: <tables>

<table dialect="duckdb" table_name="table_fdfa81826b81c25fe18bc6a4fb77b69b" dimensions="5x2">
city,population
北京,21500000
上海,24000000
广州,15000000
深圳,12500000
杭州,10500000
</table>


</tables>

You are already provided with the following functions that you can call:
<function>
def execute_sql_query(sql_query: str) -> pd.Dataframe
    """This method connects to the database, executes the sql query and returns the dataframe"""
</function>


Update this initial code:
```python
# TODO: import the required dependencies
import pandas as pd

# Write code here

# Declare result var: 
type (possible values "string", "number", "dataframe", "plot"). Examples: { "type": "string", "value": f"The highest salary is {highest_salary}." } or { "type": "number", "value": 125 } or { "type": "dataframe", "value": pd.DataFrame({...}) } or { "type": "plot", "value": "temp_chart.png" }

```



### QUERY
 哪个城市人口最多？

At the end, declare "result" variable as a dictionary of type and value.


Generate python code and return full updated code:

### Note: Use only relevant table for query and do aggregation, sorting, joins and grouby through sql query
2025-04-20 23:11:41 [INFO] Code Generated:
# TODO: import the required dependencies
import pandas as pd

# Write code here
def execute_sql_query(sql_query: str) -> pd.DataFrame:
    """This method connects to the database, executes the sql query and returns the dataframe"""
    # connect to the database and execute the query here
    pass

# SQL query to find the city with maximum population
sql_query = "SELECT city, MAX(population) as max_population FROM table_fdfa81826b81c25fe18bc6a4fb77b69b"

# Execute the SQL query and store the result in a dataframe
df = execute_sql_query(sql_query)

# Extract the city with maximum population from the dataframe
city_with_max_population = df.loc[0, 'city']

# Declare result var
result = { "type": "string", "value": f"The city with the highest population is {city_with_max_population}." }
2025-04-20 23:11:41 [INFO] Validating code requirements...
2025-04-20 23:11:41 [INFO] Code validation successful.
2025-04-20 23:11:41 [INFO] Cleaning the generated code...
2025-04-20 23:11:41 [INFO] Executing code: import pandas as pd
sql_query = 'SELECT city, MAX(population) as max_population FROM table_fdfa81826b81c25fe18bc6a4fb77b69b'
df = execute_sql_query(sql_query)
city_with_max_population = df.loc[0, 'city']
result = {'type': 'string', 'value': f'The city with the highest population is {city_with_max_population}.'}
2025-04-20 23:11:41 [INFO] Retrying execution (1/3)...
2025-04-20 23:11:41 [INFO] Execution failed with error: Traceback (most recent call last):
  File "/Users/zrt/Documents/书籍/书籍/学习/python/pythonProject/venv/lib/python3.11/site-packages/pandasai/core/code_execution/code_executor.py", line 29, in execute
    exec(code, self._environment)
  File "<string>", line 3, in <module>
  File "/Users/zrt/Documents/书籍/书籍/学习/python/pythonProject/venv/lib/python3.11/site-packages/pandasai/agent/base.py", line 150, in _execute_sql_query
    return db_manager.sql(final_query).df()
           ^^^^^^^^^^^^^^^^^^^^^^^^^^^
  File "/Users/zrt/Documents/书籍/书籍/学习/python/pythonProject/venv/lib/python3.11/site-packages/pandasai/data_loader/duck_db_connection_manager.py", line 32, in sql
    return self.connection.sql(query, params=params)
           ^^^^^^^^^^^^^^^^^^^^^^^^^^^^^^^^^^^^^^^^^
duckdb.duckdb.BinderException: Binder Error: column "city" must appear in the GROUP BY clause or must be part of an aggregate function.
Either add it to the GROUP BY list, or use "ANY_VALUE(city)" if the exact value of "city" is not important.

The above exception was the direct cause of the following exception:

Traceback (most recent call last):
  File "/Users/zrt/Documents/书籍/书籍/学习/python/pythonProject/venv/lib/python3.11/site-packages/pandasai/agent/base.py", line 186, in execute_with_retries
    result = self.execute_code(code)
             ^^^^^^^^^^^^^^^^^^^^^^^
  File "/Users/zrt/Documents/书籍/书籍/学习/python/pythonProject/venv/lib/python3.11/site-packages/pandasai/agent/base.py", line 118, in execute_code
    return code_executor.execute_and_return_result(code)
           ^^^^^^^^^^^^^^^^^^^^^^^^^^^^^^^^^^^^^^^^^^^^^
  File "/Users/zrt/Documents/书籍/书籍/学习/python/pythonProject/venv/lib/python3.11/site-packages/pandasai/core/code_execution/code_executor.py", line 38, in execute_and_return_result
    self.execute(code)
  File "/Users/zrt/Documents/书籍/书籍/学习/python/pythonProject/venv/lib/python3.11/site-packages/pandasai/core/code_execution/code_executor.py", line 31, in execute
    raise CodeExecutionError("Code execution failed") from e
pandasai.exceptions.CodeExecutionError: Code execution failed

2025-04-20 23:11:41 [INFO] Using Prompt: <table dialect="duckdb" table_name="table_fdfa81826b81c25fe18bc6a4fb77b69b" dimensions="5x2">
city,population
北京,21500000
上海,24000000
广州,15000000
深圳,12500000
杭州,10500000
</table>


The user asked the following question:
### QUERY
 哪个城市人口最多？

You generated the following Python code:
import pandas as pd
sql_query = 'SELECT city, MAX(population) as max_population FROM table_fdfa81826b81c25fe18bc6a4fb77b69b'
df = execute_sql_query(sql_query)
city_with_max_population = df.loc[0, 'city']
result = {'type': 'string', 'value': f'The city with the highest population is {city_with_max_population}.'}

However, it resulted in the following error:
Traceback (most recent call last):
  File "/Users/zrt/Documents/书籍/书籍/学习/python/pythonProject/venv/lib/python3.11/site-packages/pandasai/core/code_execution/code_executor.py", line 29, in execute
    exec(code, self._environment)
  File "<string>", line 3, in <module>
  File "/Users/zrt/Documents/书籍/书籍/学习/python/pythonProject/venv/lib/python3.11/site-packages/pandasai/agent/base.py", line 150, in _execute_sql_query
    return db_manager.sql(final_query).df()
           ^^^^^^^^^^^^^^^^^^^^^^^^^^^
  File "/Users/zrt/Documents/书籍/书籍/学习/python/pythonProject/venv/lib/python3.11/site-packages/pandasai/data_loader/duck_db_connection_manager.py", line 32, in sql
    return self.connection.sql(query, params=params)
           ^^^^^^^^^^^^^^^^^^^^^^^^^^^^^^^^^^^^^^^^^
duckdb.duckdb.BinderException: Binder Error: column "city" must appear in the GROUP BY clause or must be part of an aggregate function.
Either add it to the GROUP BY list, or use "ANY_VALUE(city)" if the exact value of "city" is not important.

The above exception was the direct cause of the following exception:

Traceback (most recent call last):
  File "/Users/zrt/Documents/书籍/书籍/学习/python/pythonProject/venv/lib/python3.11/site-packages/pandasai/agent/base.py", line 186, in execute_with_retries
    result = self.execute_code(code)
             ^^^^^^^^^^^^^^^^^^^^^^^
  File "/Users/zrt/Documents/书籍/书籍/学习/python/pythonProject/venv/lib/python3.11/site-packages/pandasai/agent/base.py", line 118, in execute_code
    return code_executor.execute_and_return_result(code)
           ^^^^^^^^^^^^^^^^^^^^^^^^^^^^^^^^^^^^^^^^^^^^^
  File "/Users/zrt/Documents/书籍/书籍/学习/python/pythonProject/venv/lib/python3.11/site-packages/pandasai/core/code_execution/code_executor.py", line 38, in execute_and_return_result
    self.execute(code)
  File "/Users/zrt/Documents/书籍/书籍/学习/python/pythonProject/venv/lib/python3.11/site-packages/pandasai/core/code_execution/code_executor.py", line 31, in execute
    raise CodeExecutionError("Code execution failed") from e
pandasai.exceptions.CodeExecutionError: Code execution failed


Fix the python code above and return the new python code but the code generated should use execute_sql_query function
2025-04-20 23:11:49 [INFO] Code Generated:
import pandas as pd
sql_query = 'SELECT city FROM table_fdfa81826b81c25fe18bc6a4fb77b69b WHERE population = (SELECT MAX(population) FROM table_fdfa81826b81c25fe18bc6a4fb77b69b)'
df = execute_sql_query(sql_query)
city_with_max_population = df.loc[0, 'city']
result = {'type': 'string', 'value': f'The city with the highest population is {city_with_max_population}.'}
2025-04-20 23:11:49 [INFO] Validating code requirements...
2025-04-20 23:11:49 [INFO] Code validation successful.
2025-04-20 23:11:49 [INFO] Cleaning the generated code...
2025-04-20 23:11:49 [INFO] Executing code: import pandas as pd
sql_query = 'SELECT city FROM table_fdfa81826b81c25fe18bc6a4fb77b69b WHERE population = (SELECT MAX(population) FROM table_fdfa81826b81c25fe18bc6a4fb77b69b)'
df = execute_sql_query(sql_query)
city_with_max_population = df.loc[0, 'city']
result = {'type': 'string', 'value': f'The city with the highest population is {city_with_max_population}.'}
2025-04-20 23:11:49 [INFO] Response generated successfully.
2025-04-20 23:14:43 [INFO] Question: 哪个城市人口最多？
2025-04-20 23:14:43 [INFO] Running PandaAI with bamboo_llm LLM...
2025-04-20 23:14:43 [INFO] Prompt ID: ec797dd6-2a0e-41fb-8baf-ab439a24c907
2025-04-20 23:14:43 [INFO] Generating new code...
2025-04-20 23:14:43 [INFO] Using Prompt: <tables>

<table dialect="duckdb" table_name="table_fdfa81826b81c25fe18bc6a4fb77b69b" dimensions="5x2">
city,population
北京,21500000
上海,24000000
广州,15000000
深圳,12500000
杭州,10500000
</table>


</tables>

You are already provided with the following functions that you can call:
<function>
def execute_sql_query(sql_query: str) -> pd.Dataframe
    """This method connects to the database, executes the sql query and returns the dataframe"""
</function>


Update this initial code:
```python
# TODO: import the required dependencies
import pandas as pd

# Write code here

# Declare result var: 
type (possible values "string", "number", "dataframe", "plot"). Examples: { "type": "string", "value": f"The highest salary is {highest_salary}." } or { "type": "number", "value": 125 } or { "type": "dataframe", "value": pd.DataFrame({...}) } or { "type": "plot", "value": "temp_chart.png" }

```



### QUERY
 哪个城市人口最多？

At the end, declare "result" variable as a dictionary of type and value.


Generate python code and return full updated code:

### Note: Use only relevant table for query and do aggregation, sorting, joins and grouby through sql query
2025-04-20 23:14:50 [INFO] Code Generated:
# Import the required dependencies
import pandas as pd

# Define the sql query string to get the city with maximum population
sql_query = "SELECT city, MAX(population) as max_population FROM table_fdfa81826b81c25fe18bc6a4fb77b69b"

# Execute the sql query and store the result in a dataframe
df = execute_sql_query(sql_query)

# Get the city with maximum population
city_with_max_population = df.at[0, 'city']

# Declare result var
result = { "type": "string", "value": f"The city with the highest population is {city_with_max_population}." }
2025-04-20 23:14:50 [INFO] Validating code requirements...
2025-04-20 23:14:50 [INFO] Code validation successful.
2025-04-20 23:14:50 [INFO] Cleaning the generated code...
2025-04-20 23:14:50 [INFO] Executing code: import pandas as pd
sql_query = 'SELECT city, MAX(population) as max_population FROM table_fdfa81826b81c25fe18bc6a4fb77b69b'
df = execute_sql_query(sql_query)
city_with_max_population = df.at[0, 'city']
result = {'type': 'string', 'value': f'The city with the highest population is {city_with_max_population}.'}
2025-04-20 23:14:50 [INFO] Retrying execution (1/3)...
2025-04-20 23:14:50 [INFO] Execution failed with error: Traceback (most recent call last):
  File "/Users/zrt/Documents/书籍/书籍/学习/python/pandas-ai/venv/lib/python3.11/site-packages/pandasai/core/code_execution/code_executor.py", line 29, in execute
    exec(code, self._environment)
  File "<string>", line 3, in <module>
  File "/Users/zrt/Documents/书籍/书籍/学习/python/pandas-ai/venv/lib/python3.11/site-packages/pandasai/agent/base.py", line 150, in _execute_sql_query
    return db_manager.sql(final_query).df()
           ^^^^^^^^^^^^^^^^^^^^^^^^^^^
  File "/Users/zrt/Documents/书籍/书籍/学习/python/pandas-ai/venv/lib/python3.11/site-packages/pandasai/data_loader/duck_db_connection_manager.py", line 32, in sql
    return self.connection.sql(query, params=params)
           ^^^^^^^^^^^^^^^^^^^^^^^^^^^^^^^^^^^^^^^^^
duckdb.duckdb.BinderException: Binder Error: column "city" must appear in the GROUP BY clause or must be part of an aggregate function.
Either add it to the GROUP BY list, or use "ANY_VALUE(city)" if the exact value of "city" is not important.

The above exception was the direct cause of the following exception:

Traceback (most recent call last):
  File "/Users/zrt/Documents/书籍/书籍/学习/python/pandas-ai/venv/lib/python3.11/site-packages/pandasai/agent/base.py", line 186, in execute_with_retries
    result = self.execute_code(code)
             ^^^^^^^^^^^^^^^^^^^^^^^
  File "/Users/zrt/Documents/书籍/书籍/学习/python/pandas-ai/venv/lib/python3.11/site-packages/pandasai/agent/base.py", line 118, in execute_code
    return code_executor.execute_and_return_result(code)
           ^^^^^^^^^^^^^^^^^^^^^^^^^^^^^^^^^^^^^^^^^^^^^
  File "/Users/zrt/Documents/书籍/书籍/学习/python/pandas-ai/venv/lib/python3.11/site-packages/pandasai/core/code_execution/code_executor.py", line 38, in execute_and_return_result
    self.execute(code)
  File "/Users/zrt/Documents/书籍/书籍/学习/python/pandas-ai/venv/lib/python3.11/site-packages/pandasai/core/code_execution/code_executor.py", line 31, in execute
    raise CodeExecutionError("Code execution failed") from e
pandasai.exceptions.CodeExecutionError: Code execution failed

2025-04-20 23:14:50 [INFO] Using Prompt: <table dialect="duckdb" table_name="table_fdfa81826b81c25fe18bc6a4fb77b69b" dimensions="5x2">
city,population
北京,21500000
上海,24000000
广州,15000000
深圳,12500000
杭州,10500000
</table>


The user asked the following question:
### QUERY
 哪个城市人口最多？

You generated the following Python code:
import pandas as pd
sql_query = 'SELECT city, MAX(population) as max_population FROM table_fdfa81826b81c25fe18bc6a4fb77b69b'
df = execute_sql_query(sql_query)
city_with_max_population = df.at[0, 'city']
result = {'type': 'string', 'value': f'The city with the highest population is {city_with_max_population}.'}

However, it resulted in the following error:
Traceback (most recent call last):
  File "/Users/zrt/Documents/书籍/书籍/学习/python/pandas-ai/venv/lib/python3.11/site-packages/pandasai/core/code_execution/code_executor.py", line 29, in execute
    exec(code, self._environment)
  File "<string>", line 3, in <module>
  File "/Users/zrt/Documents/书籍/书籍/学习/python/pandas-ai/venv/lib/python3.11/site-packages/pandasai/agent/base.py", line 150, in _execute_sql_query
    return db_manager.sql(final_query).df()
           ^^^^^^^^^^^^^^^^^^^^^^^^^^^
  File "/Users/zrt/Documents/书籍/书籍/学习/python/pandas-ai/venv/lib/python3.11/site-packages/pandasai/data_loader/duck_db_connection_manager.py", line 32, in sql
    return self.connection.sql(query, params=params)
           ^^^^^^^^^^^^^^^^^^^^^^^^^^^^^^^^^^^^^^^^^
duckdb.duckdb.BinderException: Binder Error: column "city" must appear in the GROUP BY clause or must be part of an aggregate function.
Either add it to the GROUP BY list, or use "ANY_VALUE(city)" if the exact value of "city" is not important.

The above exception was the direct cause of the following exception:

Traceback (most recent call last):
  File "/Users/zrt/Documents/书籍/书籍/学习/python/pandas-ai/venv/lib/python3.11/site-packages/pandasai/agent/base.py", line 186, in execute_with_retries
    result = self.execute_code(code)
             ^^^^^^^^^^^^^^^^^^^^^^^
  File "/Users/zrt/Documents/书籍/书籍/学习/python/pandas-ai/venv/lib/python3.11/site-packages/pandasai/agent/base.py", line 118, in execute_code
    return code_executor.execute_and_return_result(code)
           ^^^^^^^^^^^^^^^^^^^^^^^^^^^^^^^^^^^^^^^^^^^^^
  File "/Users/zrt/Documents/书籍/书籍/学习/python/pandas-ai/venv/lib/python3.11/site-packages/pandasai/core/code_execution/code_executor.py", line 38, in execute_and_return_result
    self.execute(code)
  File "/Users/zrt/Documents/书籍/书籍/学习/python/pandas-ai/venv/lib/python3.11/site-packages/pandasai/core/code_execution/code_executor.py", line 31, in execute
    raise CodeExecutionError("Code execution failed") from e
pandasai.exceptions.CodeExecutionError: Code execution failed


Fix the python code above and return the new python code but the code generated should use execute_sql_query function
2025-04-20 23:14:59 [INFO] Code Generated:
import pandas as pd
sql_query = 'SELECT city FROM table_fdfa81826b81c25fe18bc6a4fb77b69b ORDER BY population DESC LIMIT 1'
df = execute_sql_query(sql_query)
city_with_max_population = df.at[0, 'city']
result = {'type': 'string', 'value': f'The city with the highest population is {city_with_max_population}.'}
2025-04-20 23:14:59 [INFO] Validating code requirements...
2025-04-20 23:14:59 [INFO] Code validation successful.
2025-04-20 23:14:59 [INFO] Cleaning the generated code...
2025-04-20 23:14:59 [INFO] Executing code: import pandas as pd
sql_query = 'SELECT city FROM table_fdfa81826b81c25fe18bc6a4fb77b69b ORDER BY population DESC LIMIT 1'
df = execute_sql_query(sql_query)
city_with_max_population = df.at[0, 'city']
result = {'type': 'string', 'value': f'The city with the highest population is {city_with_max_population}.'}
2025-04-20 23:14:59 [INFO] Response generated successfully.
2025-04-20 23:17:46 [INFO] Question: Plot the histogram of countries showing for each one the gd. Use different colors for each bar
2025-04-20 23:17:47 [INFO] Running PandaAI with bamboo_llm LLM...
2025-04-20 23:17:47 [INFO] Prompt ID: 00e57f69-6b5f-40b4-8a3b-d924757f6403
2025-04-20 23:17:47 [INFO] Generating new code...
2025-04-20 23:17:47 [INFO] Using Prompt: <tables>

<table dialect="duckdb" table_name="table_3196ce98cf3ce3223735e1d61022e9d2" dimensions="10x2">
country,revenue
United States,5000
United Kingdom,3200
France,2900
Germany,4100
Italy,2300
</table>


</tables>

You are already provided with the following functions that you can call:
<function>
def execute_sql_query(sql_query: str) -> pd.Dataframe
    """This method connects to the database, executes the sql query and returns the dataframe"""
</function>


Update this initial code:
```python
# TODO: import the required dependencies
import pandas as pd

# Write code here

# Declare result var: 
type (possible values "string", "number", "dataframe", "plot"). Examples: { "type": "string", "value": f"The highest salary is {highest_salary}." } or { "type": "number", "value": 125 } or { "type": "dataframe", "value": pd.DataFrame({...}) } or { "type": "plot", "value": "temp_chart.png" }

```



### QUERY
 Plot the histogram of countries showing for each one the gd. Use different colors for each bar

At the end, declare "result" variable as a dictionary of type and value.


Generate python code and return full updated code:

### Note: Use only relevant table for query and do aggregation, sorting, joins and grouby through sql query
2025-04-20 23:17:57 [INFO] Code Generated:
# TODO: import the required dependencies
import pandas as pd
import matplotlib.pyplot as plt

def execute_sql_query(sql_query: str) -> pd.Dataframe:
    """This method connects to the database, executes the sql query and returns the dataframe"""
    # Connect to the database and execute query
    # This is just a placeholder function

# Write code here
sql_query = "SELECT * FROM table_3196ce98cf3ce3223735e1d61022e9d2"
df = execute_sql_query(sql_query)

# Create a bar plot
plt.figure(figsize=(10,6))
plt.bar(df['country'], df['revenue'], color=['blue', 'green', 'red', 'cyan', 'magenta'])
plt.xlabel('Country')
plt.ylabel('Revenue')
plt.title('Revenue by Country')
plt.savefig('revenue_chart.png')

# Declare result var: 
result = { "type": "plot", "value": "revenue_chart.png" }
2025-04-20 23:17:57 [INFO] Validating code requirements...
2025-04-20 23:17:57 [INFO] Code validation successful.
2025-04-20 23:17:57 [INFO] Cleaning the generated code...
2025-04-20 23:17:57 [INFO] Executing code: import pandas as pd
import matplotlib.pyplot as plt
sql_query = 'SELECT * FROM table_3196ce98cf3ce3223735e1d61022e9d2'
df = execute_sql_query(sql_query)
plt.figure(figsize=(10, 6))
plt.bar(df['country'], df['revenue'], color=['blue', 'green', 'red', 'cyan', 'magenta'])
plt.xlabel('Country')
plt.ylabel('Revenue')
plt.title('Revenue by Country')
plt.savefig('exports/charts/temp_chart_ede99815-ae2b-4341-84b5-6a60e19469bc.png')
result = {'type': 'plot', 'value': 'exports/charts/temp_chart_ede99815-ae2b-4341-84b5-6a60e19469bc.png'}
2025-04-20 23:17:59 [INFO] Response generated successfully.
2025-04-20 23:25:14 [INFO] Question: Plot the histogram of countries showing for each one the gd. Use different colors for each bar
2025-04-20 23:25:14 [INFO] Running PandaAI with bamboo_llm LLM...
2025-04-20 23:25:14 [INFO] Prompt ID: b0963d85-d73b-4552-9e65-3dbb9c0e68b1
2025-04-20 23:25:14 [INFO] Generating new code...
2025-04-20 23:25:14 [INFO] Using Prompt: <tables>

<table dialect="duckdb" table_name="table_3196ce98cf3ce3223735e1d61022e9d2" dimensions="10x2">
country,revenue
United States,5000
United Kingdom,3200
France,2900
Germany,4100
Italy,2300
</table>


</tables>

You are already provided with the following functions that you can call:
<function>
def execute_sql_query(sql_query: str) -> pd.Dataframe
    """This method connects to the database, executes the sql query and returns the dataframe"""
</function>


Update this initial code:
```python
# TODO: import the required dependencies
import pandas as pd

# Write code here

# Declare result var: 
type (possible values "string", "number", "dataframe", "plot"). Examples: { "type": "string", "value": f"The highest salary is {highest_salary}." } or { "type": "number", "value": 125 } or { "type": "dataframe", "value": pd.DataFrame({...}) } or { "type": "plot", "value": "temp_chart.png" }

```



### QUERY
 Plot the histogram of countries showing for each one the gd. Use different colors for each bar

At the end, declare "result" variable as a dictionary of type and value.


Generate python code and return full updated code:

### Note: Use only relevant table for query and do aggregation, sorting, joins and grouby through sql query
2025-04-20 23:25:21 [INFO] Code Generated:
# Import the required dependencies
import pandas as pd
import matplotlib.pyplot as plt

# Define the SQL query
sql_query = "SELECT * FROM table_3196ce98cf3ce3223735e1d61022e9d2"

# Execute the query
df = execute_sql_query(sql_query)

# Plot the histogram
plt.bar(df['country'], df['revenue'], color = ['blue', 'green', 'red', 'purple', 'orange'])
plt.xlabel('Country')
plt.ylabel('Revenue')
plt.title('Revenue by Country')
plt.savefig("revenue_histogram.png")

# Declare result var
result = { "type": "plot", "value": "revenue_histogram.png" }
2025-04-20 23:25:22 [INFO] Validating code requirements...
2025-04-20 23:25:22 [INFO] Code validation successful.
2025-04-20 23:25:22 [INFO] Cleaning the generated code...
2025-04-20 23:25:22 [INFO] Executing code: import pandas as pd
import matplotlib.pyplot as plt
sql_query = 'SELECT * FROM table_3196ce98cf3ce3223735e1d61022e9d2'
df = execute_sql_query(sql_query)
plt.bar(df['country'], df['revenue'], color=['blue', 'green', 'red', 'purple', 'orange'])
plt.xlabel('Country')
plt.ylabel('Revenue')
plt.title('Revenue by Country')
plt.savefig('exports/charts/temp_chart_417aac70-163a-4c49-89f3-4358f887a863.png')
result = {'type': 'plot', 'value': 'exports/charts/temp_chart_417aac70-163a-4c49-89f3-4358f887a863.png'}
2025-04-20 23:25:22 [INFO] Response generated successfully.
2025-04-20 23:30:20 [INFO] Question: 哪个城市人口最多？
2025-04-20 23:30:20 [INFO] Running PandaAI with bamboo_llm LLM...
2025-04-20 23:30:20 [INFO] Prompt ID: dcdd926f-92c6-4f11-97c9-1077440a1a33
2025-04-20 23:30:20 [INFO] Generating new code...
2025-04-20 23:30:20 [INFO] Using Prompt: <tables>

<table dialect="duckdb" table_name="table_fdfa81826b81c25fe18bc6a4fb77b69b" dimensions="5x2">
city,population
北京,21500000
上海,24000000
广州,15000000
深圳,12500000
杭州,10500000
</table>


</tables>

You are already provided with the following functions that you can call:
<function>
def execute_sql_query(sql_query: str) -> pd.Dataframe
    """This method connects to the database, executes the sql query and returns the dataframe"""
</function>


Update this initial code:
```python
# TODO: import the required dependencies
import pandas as pd

# Write code here

# Declare result var: 
type (possible values "string", "number", "dataframe", "plot"). Examples: { "type": "string", "value": f"The highest salary is {highest_salary}." } or { "type": "number", "value": 125 } or { "type": "dataframe", "value": pd.DataFrame({...}) } or { "type": "plot", "value": "temp_chart.png" }

```



### QUERY
 哪个城市人口最多？

At the end, declare "result" variable as a dictionary of type and value.


Generate python code and return full updated code:

### Note: Use only relevant table for query and do aggregation, sorting, joins and grouby through sql query
2025-04-20 23:30:37 [INFO] Code Generated:
# import the required dependencies
import pandas as pd

# Write code here
def execute_sql_query(sql_query: str) -> pd.DataFrame:
    """This method connects to the database, executes the sql query and returns the dataframe"""
    # code to connect to the database and execute the query
    pass

# SQL query to find city with maximum population
sql_query = "SELECT city FROM table_fdfa81826b81c25fe18bc6a4fb77b69b ORDER BY population DESC LIMIT 1"

# Execute the query and store the result
df = execute_sql_query(sql_query)

# Get the city with maximum population
city_with_max_population = df.iloc[0]['city']

# Declare result var: 
result = { "type": "string", "value": f"The city with the highest population is {city_with_max_population}." }
2025-04-20 23:30:37 [INFO] Validating code requirements...
2025-04-20 23:30:37 [INFO] Code validation successful.
2025-04-20 23:30:37 [INFO] Cleaning the generated code...
2025-04-20 23:30:37 [INFO] Executing code: import pandas as pd
sql_query = 'SELECT city FROM table_fdfa81826b81c25fe18bc6a4fb77b69b ORDER BY population DESC LIMIT 1'
df = execute_sql_query(sql_query)
city_with_max_population = df.iloc[0]['city']
result = {'type': 'string', 'value': f'The city with the highest population is {city_with_max_population}.'}
2025-04-20 23:30:37 [INFO] Response generated successfully.
2025-04-21 12:57:12 [INFO] Question: 哪个城市人口最多？
2025-04-21 12:57:12 [INFO] Running PandaAI with bamboo_llm LLM...
2025-04-21 12:57:12 [INFO] Prompt ID: dea40d65-a524-496a-93b5-a1e4f5185206
2025-04-21 12:57:12 [INFO] Generating new code...
2025-04-21 12:57:12 [INFO] Using Prompt: <tables>

<table dialect="duckdb" table_name="table_fdfa81826b81c25fe18bc6a4fb77b69b" dimensions="5x2">
city,population
北京,21500000
上海,24000000
广州,15000000
深圳,12500000
杭州,10500000
</table>


</tables>

You are already provided with the following functions that you can call:
<function>
def execute_sql_query(sql_query: str) -> pd.Dataframe
    """This method connects to the database, executes the sql query and returns the dataframe"""
</function>


Update this initial code:
```python
# TODO: import the required dependencies
import pandas as pd

# Write code here

# Declare result var: 
type (possible values "string", "number", "dataframe", "plot"). Examples: { "type": "string", "value": f"The highest salary is {highest_salary}." } or { "type": "number", "value": 125 } or { "type": "dataframe", "value": pd.DataFrame({...}) } or { "type": "plot", "value": "temp_chart.png" }

```



### QUERY
 哪个城市人口最多？

At the end, declare "result" variable as a dictionary of type and value.


Generate python code and return full updated code:

### Note: Use only relevant table for query and do aggregation, sorting, joins and grouby through sql query
2025-04-21 12:57:28 [INFO] Code Generated:
# import the required dependencies
import pandas as pd

# Function to execute sql query and return dataframe
def execute_sql_query(sql_query: str) -> pd.Dataframe:
    """This method connects to the database, executes the sql query and returns the dataframe"""

# SQL query to get the city with the maximum population
sql_query = "SELECT city, MAX(population) as max_population FROM table_fdfa81826b81c25fe18bc6a4fb77b69b"

# Execute the query and store the result in a dataframe
df = execute_sql_query(sql_query)

# Get the city with the maximum population
max_pop_city = df.loc[0, 'city']

# Declare result var: 
result = { "type": "string", "value": f"The city with the highest population is {max_pop_city}." }
2025-04-21 12:57:28 [INFO] Validating code requirements...
2025-04-21 12:57:28 [INFO] Code validation successful.
2025-04-21 12:57:28 [INFO] Cleaning the generated code...
2025-04-21 12:57:28 [INFO] Executing code: import pandas as pd
sql_query = 'SELECT city, MAX(population) as max_population FROM table_fdfa81826b81c25fe18bc6a4fb77b69b'
df = execute_sql_query(sql_query)
max_pop_city = df.loc[0, 'city']
result = {'type': 'string', 'value': f'The city with the highest population is {max_pop_city}.'}
2025-04-21 12:57:28 [INFO] Retrying execution (1/3)...
2025-04-21 12:57:28 [INFO] Execution failed with error: Traceback (most recent call last):
  File "/Users/zrt/Documents/书籍/书籍/学习/python/pandas-ai/venv/lib/python3.11/site-packages/pandasai/core/code_execution/code_executor.py", line 29, in execute
    exec(code, self._environment)
  File "<string>", line 3, in <module>
  File "/Users/zrt/Documents/书籍/书籍/学习/python/pandas-ai/venv/lib/python3.11/site-packages/pandasai/agent/base.py", line 150, in _execute_sql_query
    return db_manager.sql(final_query).df()
           ^^^^^^^^^^^^^^^^^^^^^^^^^^^
  File "/Users/zrt/Documents/书籍/书籍/学习/python/pandas-ai/venv/lib/python3.11/site-packages/pandasai/data_loader/duck_db_connection_manager.py", line 32, in sql
    return self.connection.sql(query, params=params)
           ^^^^^^^^^^^^^^^^^^^^^^^^^^^^^^^^^^^^^^^^^
duckdb.duckdb.BinderException: Binder Error: column "city" must appear in the GROUP BY clause or must be part of an aggregate function.
Either add it to the GROUP BY list, or use "ANY_VALUE(city)" if the exact value of "city" is not important.

The above exception was the direct cause of the following exception:

Traceback (most recent call last):
  File "/Users/zrt/Documents/书籍/书籍/学习/python/pandas-ai/venv/lib/python3.11/site-packages/pandasai/agent/base.py", line 186, in execute_with_retries
    result = self.execute_code(code)
             ^^^^^^^^^^^^^^^^^^^^^^^
  File "/Users/zrt/Documents/书籍/书籍/学习/python/pandas-ai/venv/lib/python3.11/site-packages/pandasai/agent/base.py", line 118, in execute_code
    return code_executor.execute_and_return_result(code)
           ^^^^^^^^^^^^^^^^^^^^^^^^^^^^^^^^^^^^^^^^^^^^^
  File "/Users/zrt/Documents/书籍/书籍/学习/python/pandas-ai/venv/lib/python3.11/site-packages/pandasai/core/code_execution/code_executor.py", line 38, in execute_and_return_result
    self.execute(code)
  File "/Users/zrt/Documents/书籍/书籍/学习/python/pandas-ai/venv/lib/python3.11/site-packages/pandasai/core/code_execution/code_executor.py", line 31, in execute
    raise CodeExecutionError("Code execution failed") from e
pandasai.exceptions.CodeExecutionError: Code execution failed

2025-04-21 12:57:28 [INFO] Using Prompt: <table dialect="duckdb" table_name="table_fdfa81826b81c25fe18bc6a4fb77b69b" dimensions="5x2">
city,population
北京,21500000
上海,24000000
广州,15000000
深圳,12500000
杭州,10500000
</table>


The user asked the following question:
### QUERY
 哪个城市人口最多？

You generated the following Python code:
import pandas as pd
sql_query = 'SELECT city, MAX(population) as max_population FROM table_fdfa81826b81c25fe18bc6a4fb77b69b'
df = execute_sql_query(sql_query)
max_pop_city = df.loc[0, 'city']
result = {'type': 'string', 'value': f'The city with the highest population is {max_pop_city}.'}

However, it resulted in the following error:
Traceback (most recent call last):
  File "/Users/zrt/Documents/书籍/书籍/学习/python/pandas-ai/venv/lib/python3.11/site-packages/pandasai/core/code_execution/code_executor.py", line 29, in execute
    exec(code, self._environment)
  File "<string>", line 3, in <module>
  File "/Users/zrt/Documents/书籍/书籍/学习/python/pandas-ai/venv/lib/python3.11/site-packages/pandasai/agent/base.py", line 150, in _execute_sql_query
    return db_manager.sql(final_query).df()
           ^^^^^^^^^^^^^^^^^^^^^^^^^^^
  File "/Users/zrt/Documents/书籍/书籍/学习/python/pandas-ai/venv/lib/python3.11/site-packages/pandasai/data_loader/duck_db_connection_manager.py", line 32, in sql
    return self.connection.sql(query, params=params)
           ^^^^^^^^^^^^^^^^^^^^^^^^^^^^^^^^^^^^^^^^^
duckdb.duckdb.BinderException: Binder Error: column "city" must appear in the GROUP BY clause or must be part of an aggregate function.
Either add it to the GROUP BY list, or use "ANY_VALUE(city)" if the exact value of "city" is not important.

The above exception was the direct cause of the following exception:

Traceback (most recent call last):
  File "/Users/zrt/Documents/书籍/书籍/学习/python/pandas-ai/venv/lib/python3.11/site-packages/pandasai/agent/base.py", line 186, in execute_with_retries
    result = self.execute_code(code)
             ^^^^^^^^^^^^^^^^^^^^^^^
  File "/Users/zrt/Documents/书籍/书籍/学习/python/pandas-ai/venv/lib/python3.11/site-packages/pandasai/agent/base.py", line 118, in execute_code
    return code_executor.execute_and_return_result(code)
           ^^^^^^^^^^^^^^^^^^^^^^^^^^^^^^^^^^^^^^^^^^^^^
  File "/Users/zrt/Documents/书籍/书籍/学习/python/pandas-ai/venv/lib/python3.11/site-packages/pandasai/core/code_execution/code_executor.py", line 38, in execute_and_return_result
    self.execute(code)
  File "/Users/zrt/Documents/书籍/书籍/学习/python/pandas-ai/venv/lib/python3.11/site-packages/pandasai/core/code_execution/code_executor.py", line 31, in execute
    raise CodeExecutionError("Code execution failed") from e
pandasai.exceptions.CodeExecutionError: Code execution failed


Fix the python code above and return the new python code but the code generated should use execute_sql_query function
2025-04-21 12:57:35 [INFO] Code Generated:
sql_query = 'SELECT city, population FROM table_fdfa81826b81c25fe18bc6a4fb77b69b ORDER BY population DESC LIMIT 1'
df = execute_sql_query(sql_query)
max_pop_city = df.loc[0, 'city']
result = {'type': 'string', 'value': f'The city with the highest population is {max_pop_city}.'}
2025-04-21 12:57:35 [INFO] Validating code requirements...
2025-04-21 12:57:35 [INFO] Code validation successful.
2025-04-21 12:57:35 [INFO] Cleaning the generated code...
2025-04-21 12:57:35 [INFO] Executing code: sql_query = 'SELECT city, population FROM table_fdfa81826b81c25fe18bc6a4fb77b69b ORDER BY population DESC LIMIT 1'
df = execute_sql_query(sql_query)
max_pop_city = df.loc[0, 'city']
result = {'type': 'string', 'value': f'The city with the highest population is {max_pop_city}.'}
2025-04-21 12:57:35 [INFO] Response generated successfully.
